2021-08-31 23:19:47 INFO  : fds
  2021-08-31 23:19:47 WARN  : fds
  2021-08-31 23:19:47 INFO  : fds
  2021-08-31 23:19:48 INFO  : fds
  2021-08-31 23:19:48 WARN  : fds
  2021-08-31 23:19:48 INFO  : fds
  2021-09-01 14:06:51 INFO  : select operation is performed
  2021-09-01 14:06:51 WARN  : if select operation is failed give a warning message
  2021-09-01 14:07:43 INFO  : select operation is performed
  2021-09-01 14:07:43 WARN  : if select operation is failed give a warning message
  2021-09-01 14:09:00 INFO  : select operation is performed
  2021-09-01 14:09:00 WARN  : if select operation is failed give a warning message
  2021-09-01 14:09:02 INFO  : select operation is performed
  2021-09-01 14:09:02 WARN  : if select operation is failed give a warning message
  2021-09-01 14:15:15 INFO  : select operation is performed
  2021-09-01 14:15:15 WARN  : if select operation is failed give a warning message
  2021-09-01 19:19:47 INFO  : select operation is performed
  2021-09-01 19:19:47 WARN  : if select operation is failed give a warning message
  2021-09-01 19:27:59 INFO  : insert operation
  2021-09-01 19:27:59 INFO  : select operation is performed
  2021-09-01 19:27:59 WARN  : if select operation is failed give a warning message
  2021-09-01 19:32:08 INFO  : insert operation
  